

Started GET "/" for 127.0.0.1 at 2013-07-26 16:59:20 -0400
Processing by Rails::WelcomeController#index as HTML
  Rendered /Users/kanzen/.rvm/gems/ruby-2.0.0-p247/gems/railties-4.0.0/lib/rails/templates/rails/welcome/index.html.erb (1.2ms)
Completed 200 OK in 20ms (Views: 5.2ms | ActiveRecord: 0.0ms)


Started GET "/welcome/index" for 127.0.0.1 at 2013-07-26 16:59:24 -0400
Processing by WelcomeController#index as HTML
  Rendered welcome/index.html.erb within layouts/application (0.4ms)
Completed 200 OK in 685ms (Views: 684.0ms | ActiveRecord: 0.0ms)


Started GET "/assets/welcome.css?body=1" for 127.0.0.1 at 2013-07-26 16:59:25 -0400


Started GET "/assets/turbolinks.js?body=1" for 127.0.0.1 at 2013-07-26 16:59:25 -0400


Started GET "/assets/jquery_ujs.js?body=1" for 127.0.0.1 at 2013-07-26 16:59:25 -0400


Started GET "/assets/jquery.js?body=1" for 127.0.0.1 at 2013-07-26 16:59:25 -0400


Started GET "/assets/application.css?body=1" for 127.0.0.1 at 2013-07-26 16:59:25 -0400


Started GET "/assets/application.js?body=1" for 127.0.0.1 at 2013-07-26 16:59:25 -0400


Started GET "/assets/welcome.js?body=1" for 127.0.0.1 at 2013-07-26 16:59:25 -0400


Started GET "/" for 127.0.0.1 at 2013-07-26 17:06:51 -0400
Processing by Rails::WelcomeController#index as HTML
  Rendered /Users/kanzen/.rvm/gems/ruby-2.0.0-p247/gems/railties-4.0.0/lib/rails/templates/rails/welcome/index.html.erb (1.6ms)
Completed 200 OK in 24ms (Views: 8.3ms | ActiveRecord: 0.0ms)


Started GET "/welcome/index" for 127.0.0.1 at 2013-07-26 17:06:56 -0400
Processing by WelcomeController#index as HTML
  Rendered welcome/index.html.erb within layouts/application (28.0ms)
Completed 200 OK in 59ms (Views: 57.5ms | ActiveRecord: 0.0ms)


Started GET "/assets/application.css?body=1" for 127.0.0.1 at 2013-07-26 17:06:56 -0400


Started GET "/assets/jquery.js?body=1" for 127.0.0.1 at 2013-07-26 17:06:56 -0400


Started GET "/assets/welcome.css?body=1" for 127.0.0.1 at 2013-07-26 17:06:56 -0400


Started GET "/assets/jquery_ujs.js?body=1" for 127.0.0.1 at 2013-07-26 17:06:56 -0400


Started GET "/assets/turbolinks.js?body=1" for 127.0.0.1 at 2013-07-26 17:06:56 -0400


Started GET "/assets/welcome.js?body=1" for 127.0.0.1 at 2013-07-26 17:06:56 -0400


Started GET "/assets/application.js?body=1" for 127.0.0.1 at 2013-07-26 17:06:56 -0400


Started GET "/welcome/index/intro" for 127.0.0.1 at 2013-07-26 17:07:07 -0400

ActionController::RoutingError (No route matches [GET] "/welcome/index/intro"):
  actionpack (4.0.0) lib/action_dispatch/middleware/debug_exceptions.rb:21:in `call'
  actionpack (4.0.0) lib/action_dispatch/middleware/show_exceptions.rb:30:in `call'
  railties (4.0.0) lib/rails/rack/logger.rb:38:in `call_app'
  railties (4.0.0) lib/rails/rack/logger.rb:21:in `block in call'
  activesupport (4.0.0) lib/active_support/tagged_logging.rb:67:in `block in tagged'
  activesupport (4.0.0) lib/active_support/tagged_logging.rb:25:in `tagged'
  activesupport (4.0.0) lib/active_support/tagged_logging.rb:67:in `tagged'
  railties (4.0.0) lib/rails/rack/logger.rb:21:in `call'
  actionpack (4.0.0) lib/action_dispatch/middleware/request_id.rb:21:in `call'
  rack (1.5.2) lib/rack/methodoverride.rb:21:in `call'
  rack (1.5.2) lib/rack/runtime.rb:17:in `call'
  activesupport (4.0.0) lib/active_support/cache/strategy/local_cache.rb:83:in `call'
  rack (1.5.2) lib/rack/lock.rb:17:in `call'
  actionpack (4.0.0) lib/action_dispatch/middleware/static.rb:64:in `call'
  railties (4.0.0) lib/rails/engine.rb:511:in `call'
  railties (4.0.0) lib/rails/application.rb:97:in `call'
  rack (1.5.2) lib/rack/lock.rb:17:in `call'
  rack (1.5.2) lib/rack/content_length.rb:14:in `call'
  rack (1.5.2) lib/rack/handler/webrick.rb:60:in `service'
  /Users/kanzen/.rvm/rubies/ruby-2.0.0-p247/lib/ruby/2.0.0/webrick/httpserver.rb:138:in `service'
  /Users/kanzen/.rvm/rubies/ruby-2.0.0-p247/lib/ruby/2.0.0/webrick/httpserver.rb:94:in `run'
  /Users/kanzen/.rvm/rubies/ruby-2.0.0-p247/lib/ruby/2.0.0/webrick/server.rb:295:in `block in start_thread'


  Rendered /Users/kanzen/.rvm/gems/ruby-2.0.0-p247/gems/actionpack-4.0.0/lib/action_dispatch/middleware/templates/rescues/_trace.erb (1.6ms)
  Rendered /Users/kanzen/.rvm/gems/ruby-2.0.0-p247/gems/actionpack-4.0.0/lib/action_dispatch/middleware/templates/routes/_route.html.erb (1.1ms)
  Rendered /Users/kanzen/.rvm/gems/ruby-2.0.0-p247/gems/actionpack-4.0.0/lib/action_dispatch/middleware/templates/routes/_table.html.erb (29.9ms)
  Rendered /Users/kanzen/.rvm/gems/ruby-2.0.0-p247/gems/actionpack-4.0.0/lib/action_dispatch/middleware/templates/rescues/routing_error.erb within rescues/layout (57.5ms)


Started GET "/" for 127.0.0.1 at 2013-07-26 17:17:59 -0400
Processing by WelcomeController#index as HTML
  Rendered welcome/index.html.erb within layouts/application (1.0ms)
Completed 200 OK in 200ms (Views: 176.7ms | ActiveRecord: 0.0ms)


Started GET "/assets/intro.css?body=1" for 127.0.0.1 at 2013-07-26 17:18:00 -0400


Started GET "/assets/jquery_ujs.js?body=1" for 127.0.0.1 at 2013-07-26 17:18:00 -0400


Started GET "/assets/application.css?body=1" for 127.0.0.1 at 2013-07-26 17:18:00 -0400


Started GET "/assets/jquery.js?body=1" for 127.0.0.1 at 2013-07-26 17:18:00 -0400


Started GET "/assets/intro.js?body=1" for 127.0.0.1 at 2013-07-26 17:18:00 -0400


Started GET "/assets/turbolinks.js?body=1" for 127.0.0.1 at 2013-07-26 17:18:00 -0400


Started GET "/assets/welcome.css?body=1" for 127.0.0.1 at 2013-07-26 17:18:00 -0400


Started GET "/assets/welcome.js?body=1" for 127.0.0.1 at 2013-07-26 17:18:00 -0400


Started GET "/assets/application.js?body=1" for 127.0.0.1 at 2013-07-26 17:18:00 -0400


Started GET "/" for 127.0.0.1 at 2013-07-26 17:20:18 -0400
Processing by WelcomeController#index as HTML
  Rendered welcome/index.html.erb within layouts/application (0.8ms)
Completed 200 OK in 66ms (Views: 50.1ms | ActiveRecord: 0.0ms)


Started GET "/assets/application.css?body=1" for 127.0.0.1 at 2013-07-26 17:20:19 -0400


Started GET "/assets/jquery_ujs.js?body=1" for 127.0.0.1 at 2013-07-26 17:20:19 -0400


Started GET "/assets/intro.css?body=1" for 127.0.0.1 at 2013-07-26 17:20:19 -0400


Started GET "/assets/turbolinks.js?body=1" for 127.0.0.1 at 2013-07-26 17:20:19 -0400


Started GET "/assets/jquery.js?body=1" for 127.0.0.1 at 2013-07-26 17:20:19 -0400


Started GET "/assets/welcome.css?body=1" for 127.0.0.1 at 2013-07-26 17:20:19 -0400


Started GET "/assets/intro.js?body=1" for 127.0.0.1 at 2013-07-26 17:20:19 -0400


Started GET "/assets/welcome.js?body=1" for 127.0.0.1 at 2013-07-26 17:20:19 -0400


Started GET "/assets/application.js?body=1" for 127.0.0.1 at 2013-07-26 17:20:19 -0400


Started GET "/" for 127.0.0.1 at 2013-07-26 17:22:31 -0400
Processing by WelcomeController#index as HTML
  Rendered welcome/index.html.erb within layouts/application (1.1ms)
Completed 200 OK in 85ms (Views: 68.8ms | ActiveRecord: 0.0ms)


Started GET "/assets/application.css?body=1" for 127.0.0.1 at 2013-07-26 17:22:31 -0400


Started GET "/assets/intro.css?body=1" for 127.0.0.1 at 2013-07-26 17:22:31 -0400


Started GET "/assets/turbolinks.js?body=1" for 127.0.0.1 at 2013-07-26 17:22:31 -0400


Started GET "/assets/jquery_ujs.js?body=1" for 127.0.0.1 at 2013-07-26 17:22:31 -0400


Started GET "/assets/welcome.css?body=1" for 127.0.0.1 at 2013-07-26 17:22:31 -0400


Started GET "/assets/jquery.js?body=1" for 127.0.0.1 at 2013-07-26 17:22:31 -0400


Started GET "/assets/intro.js?body=1" for 127.0.0.1 at 2013-07-26 17:22:31 -0400


Started GET "/assets/welcome.js?body=1" for 127.0.0.1 at 2013-07-26 17:22:31 -0400


Started GET "/assets/application.js?body=1" for 127.0.0.1 at 2013-07-26 17:22:31 -0400


Started GET "/" for 127.0.0.1 at 2013-07-26 17:29:49 -0400
Processing by WelcomeController#index as HTML
  Rendered welcome/index.html.erb within layouts/application (0.9ms)
Completed 200 OK in 178ms (Views: 161.8ms | ActiveRecord: 0.0ms)


Started GET "/assets/intro.css?body=1" for 127.0.0.1 at 2013-07-26 17:29:49 -0400


Started GET "/assets/posts.css?body=1" for 127.0.0.1 at 2013-07-26 17:29:49 -0400


Started GET "/assets/welcome.css?body=1" for 127.0.0.1 at 2013-07-26 17:29:49 -0400


Started GET "/assets/posts.js?body=1" for 127.0.0.1 at 2013-07-26 17:29:49 -0400


Started GET "/assets/application.css?body=1" for 127.0.0.1 at 2013-07-26 17:29:49 -0400


Started GET "/assets/jquery.js?body=1" for 127.0.0.1 at 2013-07-26 17:29:49 -0400


Started GET "/assets/jquery_ujs.js?body=1" for 127.0.0.1 at 2013-07-26 17:29:49 -0400


Started GET "/assets/turbolinks.js?body=1" for 127.0.0.1 at 2013-07-26 17:29:49 -0400


Started GET "/assets/intro.js?body=1" for 127.0.0.1 at 2013-07-26 17:29:49 -0400


Started GET "/assets/welcome.js?body=1" for 127.0.0.1 at 2013-07-26 17:29:49 -0400


Started GET "/assets/application.js?body=1" for 127.0.0.1 at 2013-07-26 17:29:49 -0400


Started GET "/posts" for 127.0.0.1 at 2013-07-26 17:30:01 -0400

ActionController::RoutingError (No route matches [GET] "/posts"):
  actionpack (4.0.0) lib/action_dispatch/middleware/debug_exceptions.rb:21:in `call'
  actionpack (4.0.0) lib/action_dispatch/middleware/show_exceptions.rb:30:in `call'
  railties (4.0.0) lib/rails/rack/logger.rb:38:in `call_app'
  railties (4.0.0) lib/rails/rack/logger.rb:21:in `block in call'
  activesupport (4.0.0) lib/active_support/tagged_logging.rb:67:in `block in tagged'
  activesupport (4.0.0) lib/active_support/tagged_logging.rb:25:in `tagged'
  activesupport (4.0.0) lib/active_support/tagged_logging.rb:67:in `tagged'
  railties (4.0.0) lib/rails/rack/logger.rb:21:in `call'
  actionpack (4.0.0) lib/action_dispatch/middleware/request_id.rb:21:in `call'
  rack (1.5.2) lib/rack/methodoverride.rb:21:in `call'
  rack (1.5.2) lib/rack/runtime.rb:17:in `call'
  activesupport (4.0.0) lib/active_support/cache/strategy/local_cache.rb:83:in `call'
  rack (1.5.2) lib/rack/lock.rb:17:in `call'
  actionpack (4.0.0) lib/action_dispatch/middleware/static.rb:64:in `call'
  railties (4.0.0) lib/rails/engine.rb:511:in `call'
  railties (4.0.0) lib/rails/application.rb:97:in `call'
  rack (1.5.2) lib/rack/lock.rb:17:in `call'
  rack (1.5.2) lib/rack/content_length.rb:14:in `call'
  rack (1.5.2) lib/rack/handler/webrick.rb:60:in `service'
  /Users/kanzen/.rvm/rubies/ruby-2.0.0-p247/lib/ruby/2.0.0/webrick/httpserver.rb:138:in `service'
  /Users/kanzen/.rvm/rubies/ruby-2.0.0-p247/lib/ruby/2.0.0/webrick/httpserver.rb:94:in `run'
  /Users/kanzen/.rvm/rubies/ruby-2.0.0-p247/lib/ruby/2.0.0/webrick/server.rb:295:in `block in start_thread'


  Rendered /Users/kanzen/.rvm/gems/ruby-2.0.0-p247/gems/actionpack-4.0.0/lib/action_dispatch/middleware/templates/rescues/_trace.erb (1.6ms)
  Rendered /Users/kanzen/.rvm/gems/ruby-2.0.0-p247/gems/actionpack-4.0.0/lib/action_dispatch/middleware/templates/routes/_route.html.erb (24.6ms)
  Rendered /Users/kanzen/.rvm/gems/ruby-2.0.0-p247/gems/actionpack-4.0.0/lib/action_dispatch/middleware/templates/routes/_table.html.erb (6.2ms)
  Rendered /Users/kanzen/.rvm/gems/ruby-2.0.0-p247/gems/actionpack-4.0.0/lib/action_dispatch/middleware/templates/rescues/routing_error.erb within rescues/layout (50.5ms)


Started GET "/welcome/posts" for 127.0.0.1 at 2013-07-26 17:30:11 -0400

ActionController::RoutingError (No route matches [GET] "/welcome/posts"):
  actionpack (4.0.0) lib/action_dispatch/middleware/debug_exceptions.rb:21:in `call'
  actionpack (4.0.0) lib/action_dispatch/middleware/show_exceptions.rb:30:in `call'
  railties (4.0.0) lib/rails/rack/logger.rb:38:in `call_app'
  railties (4.0.0) lib/rails/rack/logger.rb:21:in `block in call'
  activesupport (4.0.0) lib/active_support/tagged_logging.rb:67:in `block in tagged'
  activesupport (4.0.0) lib/active_support/tagged_logging.rb:25:in `tagged'
  activesupport (4.0.0) lib/active_support/tagged_logging.rb:67:in `tagged'
  railties (4.0.0) lib/rails/rack/logger.rb:21:in `call'
  actionpack (4.0.0) lib/action_dispatch/middleware/request_id.rb:21:in `call'
  rack (1.5.2) lib/rack/methodoverride.rb:21:in `call'
  rack (1.5.2) lib/rack/runtime.rb:17:in `call'
  activesupport (4.0.0) lib/active_support/cache/strategy/local_cache.rb:83:in `call'
  rack (1.5.2) lib/rack/lock.rb:17:in `call'
  actionpack (4.0.0) lib/action_dispatch/middleware/static.rb:64:in `call'
  railties (4.0.0) lib/rails/engine.rb:511:in `call'
  railties (4.0.0) lib/rails/application.rb:97:in `call'
  rack (1.5.2) lib/rack/lock.rb:17:in `call'
  rack (1.5.2) lib/rack/content_length.rb:14:in `call'
  rack (1.5.2) lib/rack/handler/webrick.rb:60:in `service'
  /Users/kanzen/.rvm/rubies/ruby-2.0.0-p247/lib/ruby/2.0.0/webrick/httpserver.rb:138:in `service'
  /Users/kanzen/.rvm/rubies/ruby-2.0.0-p247/lib/ruby/2.0.0/webrick/httpserver.rb:94:in `run'
  /Users/kanzen/.rvm/rubies/ruby-2.0.0-p247/lib/ruby/2.0.0/webrick/server.rb:295:in `block in start_thread'


  Rendered /Users/kanzen/.rvm/gems/ruby-2.0.0-p247/gems/actionpack-4.0.0/lib/action_dispatch/middleware/templates/rescues/_trace.erb (1.5ms)
  Rendered /Users/kanzen/.rvm/gems/ruby-2.0.0-p247/gems/actionpack-4.0.0/lib/action_dispatch/middleware/templates/routes/_route.html.erb (1.3ms)
  Rendered /Users/kanzen/.rvm/gems/ruby-2.0.0-p247/gems/actionpack-4.0.0/lib/action_dispatch/middleware/templates/routes/_table.html.erb (1.6ms)
  Rendered /Users/kanzen/.rvm/gems/ruby-2.0.0-p247/gems/actionpack-4.0.0/lib/action_dispatch/middleware/templates/rescues/routing_error.erb within rescues/layout (20.3ms)


Started GET "/posts/new" for 127.0.0.1 at 2013-07-26 17:35:42 -0400

ActionController::RoutingError (No route matches [GET] "/posts/new"):
  actionpack (4.0.0) lib/action_dispatch/middleware/debug_exceptions.rb:21:in `call'
  actionpack (4.0.0) lib/action_dispatch/middleware/show_exceptions.rb:30:in `call'
  railties (4.0.0) lib/rails/rack/logger.rb:38:in `call_app'
  railties (4.0.0) lib/rails/rack/logger.rb:21:in `block in call'
  activesupport (4.0.0) lib/active_support/tagged_logging.rb:67:in `block in tagged'
  activesupport (4.0.0) lib/active_support/tagged_logging.rb:25:in `tagged'
  activesupport (4.0.0) lib/active_support/tagged_logging.rb:67:in `tagged'
  railties (4.0.0) lib/rails/rack/logger.rb:21:in `call'
  actionpack (4.0.0) lib/action_dispatch/middleware/request_id.rb:21:in `call'
  rack (1.5.2) lib/rack/methodoverride.rb:21:in `call'
  rack (1.5.2) lib/rack/runtime.rb:17:in `call'
  activesupport (4.0.0) lib/active_support/cache/strategy/local_cache.rb:83:in `call'
  rack (1.5.2) lib/rack/lock.rb:17:in `call'
  actionpack (4.0.0) lib/action_dispatch/middleware/static.rb:64:in `call'
  railties (4.0.0) lib/rails/engine.rb:511:in `call'
  railties (4.0.0) lib/rails/application.rb:97:in `call'
  rack (1.5.2) lib/rack/lock.rb:17:in `call'
  rack (1.5.2) lib/rack/content_length.rb:14:in `call'
  rack (1.5.2) lib/rack/handler/webrick.rb:60:in `service'
  /Users/kanzen/.rvm/rubies/ruby-2.0.0-p247/lib/ruby/2.0.0/webrick/httpserver.rb:138:in `service'
  /Users/kanzen/.rvm/rubies/ruby-2.0.0-p247/lib/ruby/2.0.0/webrick/httpserver.rb:94:in `run'
  /Users/kanzen/.rvm/rubies/ruby-2.0.0-p247/lib/ruby/2.0.0/webrick/server.rb:295:in `block in start_thread'


  Rendered /Users/kanzen/.rvm/gems/ruby-2.0.0-p247/gems/actionpack-4.0.0/lib/action_dispatch/middleware/templates/rescues/_trace.erb (0.9ms)
  Rendered /Users/kanzen/.rvm/gems/ruby-2.0.0-p247/gems/actionpack-4.0.0/lib/action_dispatch/middleware/templates/routes/_route.html.erb (0.7ms)
  Rendered /Users/kanzen/.rvm/gems/ruby-2.0.0-p247/gems/actionpack-4.0.0/lib/action_dispatch/middleware/templates/routes/_table.html.erb (3.1ms)
  Rendered /Users/kanzen/.rvm/gems/ruby-2.0.0-p247/gems/actionpack-4.0.0/lib/action_dispatch/middleware/templates/rescues/routing_error.erb within rescues/layout (18.2ms)


Started GET "/" for 127.0.0.1 at 2013-07-26 17:36:36 -0400
Processing by WelcomeController#index as HTML
  Rendered welcome/index.html.erb within layouts/application (0.5ms)
Completed 200 OK in 94ms (Views: 68.0ms | ActiveRecord: 0.0ms)


Started GET "/assets/application.css?body=1" for 127.0.0.1 at 2013-07-26 17:36:36 -0400


Started GET "/assets/intro.css?body=1" for 127.0.0.1 at 2013-07-26 17:36:36 -0400


Started GET "/assets/posts.css?body=1" for 127.0.0.1 at 2013-07-26 17:36:36 -0400


Started GET "/assets/jquery.js?body=1" for 127.0.0.1 at 2013-07-26 17:36:36 -0400


Started GET "/assets/welcome.css?body=1" for 127.0.0.1 at 2013-07-26 17:36:36 -0400


Started GET "/assets/jquery_ujs.js?body=1" for 127.0.0.1 at 2013-07-26 17:36:36 -0400


Started GET "/assets/turbolinks.js?body=1" for 127.0.0.1 at 2013-07-26 17:36:36 -0400


Started GET "/assets/intro.js?body=1" for 127.0.0.1 at 2013-07-26 17:36:36 -0400


Started GET "/assets/posts.js?body=1" for 127.0.0.1 at 2013-07-26 17:36:36 -0400


Started GET "/assets/application.js?body=1" for 127.0.0.1 at 2013-07-26 17:36:36 -0400


Started GET "/assets/welcome.js?body=1" for 127.0.0.1 at 2013-07-26 17:36:36 -0400


Started GET "/posts" for 127.0.0.1 at 2013-07-26 17:37:03 -0400

ActionController::RoutingError (No route matches [GET] "/posts"):
  actionpack (4.0.0) lib/action_dispatch/middleware/debug_exceptions.rb:21:in `call'
  actionpack (4.0.0) lib/action_dispatch/middleware/show_exceptions.rb:30:in `call'
  railties (4.0.0) lib/rails/rack/logger.rb:38:in `call_app'
  railties (4.0.0) lib/rails/rack/logger.rb:21:in `block in call'
  activesupport (4.0.0) lib/active_support/tagged_logging.rb:67:in `block in tagged'
  activesupport (4.0.0) lib/active_support/tagged_logging.rb:25:in `tagged'
  activesupport (4.0.0) lib/active_support/tagged_logging.rb:67:in `tagged'
  railties (4.0.0) lib/rails/rack/logger.rb:21:in `call'
  actionpack (4.0.0) lib/action_dispatch/middleware/request_id.rb:21:in `call'
  rack (1.5.2) lib/rack/methodoverride.rb:21:in `call'
  rack (1.5.2) lib/rack/runtime.rb:17:in `call'
  activesupport (4.0.0) lib/active_support/cache/strategy/local_cache.rb:83:in `call'
  rack (1.5.2) lib/rack/lock.rb:17:in `call'
  actionpack (4.0.0) lib/action_dispatch/middleware/static.rb:64:in `call'
  railties (4.0.0) lib/rails/engine.rb:511:in `call'
  railties (4.0.0) lib/rails/application.rb:97:in `call'
  rack (1.5.2) lib/rack/lock.rb:17:in `call'
  rack (1.5.2) lib/rack/content_length.rb:14:in `call'
  rack (1.5.2) lib/rack/handler/webrick.rb:60:in `service'
  /Users/kanzen/.rvm/rubies/ruby-2.0.0-p247/lib/ruby/2.0.0/webrick/httpserver.rb:138:in `service'
  /Users/kanzen/.rvm/rubies/ruby-2.0.0-p247/lib/ruby/2.0.0/webrick/httpserver.rb:94:in `run'
  /Users/kanzen/.rvm/rubies/ruby-2.0.0-p247/lib/ruby/2.0.0/webrick/server.rb:295:in `block in start_thread'


  Rendered /Users/kanzen/.rvm/gems/ruby-2.0.0-p247/gems/actionpack-4.0.0/lib/action_dispatch/middleware/templates/rescues/_trace.erb (1.1ms)
  Rendered /Users/kanzen/.rvm/gems/ruby-2.0.0-p247/gems/actionpack-4.0.0/lib/action_dispatch/middleware/templates/routes/_route.html.erb (0.8ms)
  Rendered /Users/kanzen/.rvm/gems/ruby-2.0.0-p247/gems/actionpack-4.0.0/lib/action_dispatch/middleware/templates/routes/_table.html.erb (1.4ms)
  Rendered /Users/kanzen/.rvm/gems/ruby-2.0.0-p247/gems/actionpack-4.0.0/lib/action_dispatch/middleware/templates/rescues/routing_error.erb within rescues/layout (18.0ms)


Started GET "/posts/new" for 127.0.0.1 at 2013-07-26 17:37:08 -0400

ActionController::RoutingError (No route matches [GET] "/posts/new"):
  actionpack (4.0.0) lib/action_dispatch/middleware/debug_exceptions.rb:21:in `call'
  actionpack (4.0.0) lib/action_dispatch/middleware/show_exceptions.rb:30:in `call'
  railties (4.0.0) lib/rails/rack/logger.rb:38:in `call_app'
  railties (4.0.0) lib/rails/rack/logger.rb:21:in `block in call'
  activesupport (4.0.0) lib/active_support/tagged_logging.rb:67:in `block in tagged'
  activesupport (4.0.0) lib/active_support/tagged_logging.rb:25:in `tagged'
  activesupport (4.0.0) lib/active_support/tagged_logging.rb:67:in `tagged'
  railties (4.0.0) lib/rails/rack/logger.rb:21:in `call'
  actionpack (4.0.0) lib/action_dispatch/middleware/request_id.rb:21:in `call'
  rack (1.5.2) lib/rack/methodoverride.rb:21:in `call'
  rack (1.5.2) lib/rack/runtime.rb:17:in `call'
  activesupport (4.0.0) lib/active_support/cache/strategy/local_cache.rb:83:in `call'
  rack (1.5.2) lib/rack/lock.rb:17:in `call'
  actionpack (4.0.0) lib/action_dispatch/middleware/static.rb:64:in `call'
  railties (4.0.0) lib/rails/engine.rb:511:in `call'
  railties (4.0.0) lib/rails/application.rb:97:in `call'
  rack (1.5.2) lib/rack/lock.rb:17:in `call'
  rack (1.5.2) lib/rack/content_length.rb:14:in `call'
  rack (1.5.2) lib/rack/handler/webrick.rb:60:in `service'
  /Users/kanzen/.rvm/rubies/ruby-2.0.0-p247/lib/ruby/2.0.0/webrick/httpserver.rb:138:in `service'
  /Users/kanzen/.rvm/rubies/ruby-2.0.0-p247/lib/ruby/2.0.0/webrick/httpserver.rb:94:in `run'
  /Users/kanzen/.rvm/rubies/ruby-2.0.0-p247/lib/ruby/2.0.0/webrick/server.rb:295:in `block in start_thread'


  Rendered /Users/kanzen/.rvm/gems/ruby-2.0.0-p247/gems/actionpack-4.0.0/lib/action_dispatch/middleware/templates/rescues/_trace.erb (1.2ms)
  Rendered /Users/kanzen/.rvm/gems/ruby-2.0.0-p247/gems/actionpack-4.0.0/lib/action_dispatch/middleware/templates/routes/_route.html.erb (0.7ms)
  Rendered /Users/kanzen/.rvm/gems/ruby-2.0.0-p247/gems/actionpack-4.0.0/lib/action_dispatch/middleware/templates/routes/_table.html.erb (0.9ms)
  Rendered /Users/kanzen/.rvm/gems/ruby-2.0.0-p247/gems/actionpack-4.0.0/lib/action_dispatch/middleware/templates/rescues/routing_error.erb within rescues/layout (16.5ms)


Started GET "/new" for 127.0.0.1 at 2013-07-26 17:37:13 -0400

ActionController::RoutingError (No route matches [GET] "/new"):
  actionpack (4.0.0) lib/action_dispatch/middleware/debug_exceptions.rb:21:in `call'
  actionpack (4.0.0) lib/action_dispatch/middleware/show_exceptions.rb:30:in `call'
  railties (4.0.0) lib/rails/rack/logger.rb:38:in `call_app'
  railties (4.0.0) lib/rails/rack/logger.rb:21:in `block in call'
  activesupport (4.0.0) lib/active_support/tagged_logging.rb:67:in `block in tagged'
  activesupport (4.0.0) lib/active_support/tagged_logging.rb:25:in `tagged'
  activesupport (4.0.0) lib/active_support/tagged_logging.rb:67:in `tagged'
  railties (4.0.0) lib/rails/rack/logger.rb:21:in `call'
  actionpack (4.0.0) lib/action_dispatch/middleware/request_id.rb:21:in `call'
  rack (1.5.2) lib/rack/methodoverride.rb:21:in `call'
  rack (1.5.2) lib/rack/runtime.rb:17:in `call'
  activesupport (4.0.0) lib/active_support/cache/strategy/local_cache.rb:83:in `call'
  rack (1.5.2) lib/rack/lock.rb:17:in `call'
  actionpack (4.0.0) lib/action_dispatch/middleware/static.rb:64:in `call'
  railties (4.0.0) lib/rails/engine.rb:511:in `call'
  railties (4.0.0) lib/rails/application.rb:97:in `call'
  rack (1.5.2) lib/rack/lock.rb:17:in `call'
  rack (1.5.2) lib/rack/content_length.rb:14:in `call'
  rack (1.5.2) lib/rack/handler/webrick.rb:60:in `service'
  /Users/kanzen/.rvm/rubies/ruby-2.0.0-p247/lib/ruby/2.0.0/webrick/httpserver.rb:138:in `service'
  /Users/kanzen/.rvm/rubies/ruby-2.0.0-p247/lib/ruby/2.0.0/webrick/httpserver.rb:94:in `run'
  /Users/kanzen/.rvm/rubies/ruby-2.0.0-p247/lib/ruby/2.0.0/webrick/server.rb:295:in `block in start_thread'


  Rendered /Users/kanzen/.rvm/gems/ruby-2.0.0-p247/gems/actionpack-4.0.0/lib/action_dispatch/middleware/templates/rescues/_trace.erb (1.2ms)
  Rendered /Users/kanzen/.rvm/gems/ruby-2.0.0-p247/gems/actionpack-4.0.0/lib/action_dispatch/middleware/templates/routes/_route.html.erb (0.8ms)
  Rendered /Users/kanzen/.rvm/gems/ruby-2.0.0-p247/gems/actionpack-4.0.0/lib/action_dispatch/middleware/templates/routes/_table.html.erb (0.9ms)
  Rendered /Users/kanzen/.rvm/gems/ruby-2.0.0-p247/gems/actionpack-4.0.0/lib/action_dispatch/middleware/templates/rescues/routing_error.erb within rescues/layout (16.2ms)


Started GET "/" for 127.0.0.1 at 2013-07-26 17:37:16 -0400
Processing by WelcomeController#index as HTML
  Rendered welcome/index.html.erb within layouts/application (0.0ms)
Completed 200 OK in 5ms (Views: 5.0ms | ActiveRecord: 0.0ms)


Started GET "/assets/application.css?body=1" for 127.0.0.1 at 2013-07-26 17:37:16 -0400


Started GET "/assets/jquery_ujs.js?body=1" for 127.0.0.1 at 2013-07-26 17:37:16 -0400


Started GET "/assets/jquery.js?body=1" for 127.0.0.1 at 2013-07-26 17:37:16 -0400


Started GET "/assets/intro.css?body=1" for 127.0.0.1 at 2013-07-26 17:37:16 -0400


Started GET "/assets/welcome.css?body=1" for 127.0.0.1 at 2013-07-26 17:37:16 -0400


Started GET "/assets/posts.css?body=1" for 127.0.0.1 at 2013-07-26 17:37:16 -0400


Started GET "/assets/turbolinks.js?body=1" for 127.0.0.1 at 2013-07-26 17:37:16 -0400


Started GET "/assets/intro.js?body=1" for 127.0.0.1 at 2013-07-26 17:37:16 -0400


Started GET "/assets/welcome.js?body=1" for 127.0.0.1 at 2013-07-26 17:37:16 -0400


Started GET "/assets/application.js?body=1" for 127.0.0.1 at 2013-07-26 17:37:16 -0400


Started GET "/assets/posts.js?body=1" for 127.0.0.1 at 2013-07-26 17:37:16 -0400


Started GET "/" for 127.0.0.1 at 2013-07-26 17:45:48 -0400
Processing by WelcomeController#index as HTML
  Rendered welcome/index.html.erb within layouts/application (0.9ms)
Completed 200 OK in 83ms (Views: 58.1ms | ActiveRecord: 0.0ms)


Started GET "/assets/intro.css?body=1" for 127.0.0.1 at 2013-07-26 17:45:48 -0400


Started GET "/assets/application.css?body=1" for 127.0.0.1 at 2013-07-26 17:45:48 -0400


Started GET "/assets/jquery_ujs.js?body=1" for 127.0.0.1 at 2013-07-26 17:45:48 -0400


Started GET "/assets/welcome.css?body=1" for 127.0.0.1 at 2013-07-26 17:45:48 -0400


Started GET "/assets/jquery.js?body=1" for 127.0.0.1 at 2013-07-26 17:45:48 -0400


Started GET "/assets/posts.css?body=1" for 127.0.0.1 at 2013-07-26 17:45:48 -0400


Started GET "/assets/turbolinks.js?body=1" for 127.0.0.1 at 2013-07-26 17:45:48 -0400


Started GET "/assets/intro.js?body=1" for 127.0.0.1 at 2013-07-26 17:45:48 -0400


Started GET "/assets/posts.js?body=1" for 127.0.0.1 at 2013-07-26 17:45:48 -0400


Started GET "/assets/welcome.js?body=1" for 127.0.0.1 at 2013-07-26 17:45:48 -0400


Started GET "/assets/application.js?body=1" for 127.0.0.1 at 2013-07-26 17:45:48 -0400


Started GET "/posts" for 127.0.0.1 at 2013-07-26 17:45:57 -0400

ActionController::RoutingError (No route matches [GET] "/posts"):
  actionpack (4.0.0) lib/action_dispatch/middleware/debug_exceptions.rb:21:in `call'
  actionpack (4.0.0) lib/action_dispatch/middleware/show_exceptions.rb:30:in `call'
  railties (4.0.0) lib/rails/rack/logger.rb:38:in `call_app'
  railties (4.0.0) lib/rails/rack/logger.rb:21:in `block in call'
  activesupport (4.0.0) lib/active_support/tagged_logging.rb:67:in `block in tagged'
  activesupport (4.0.0) lib/active_support/tagged_logging.rb:25:in `tagged'
  activesupport (4.0.0) lib/active_support/tagged_logging.rb:67:in `tagged'
  railties (4.0.0) lib/rails/rack/logger.rb:21:in `call'
  actionpack (4.0.0) lib/action_dispatch/middleware/request_id.rb:21:in `call'
  rack (1.5.2) lib/rack/methodoverride.rb:21:in `call'
  rack (1.5.2) lib/rack/runtime.rb:17:in `call'
  activesupport (4.0.0) lib/active_support/cache/strategy/local_cache.rb:83:in `call'
  rack (1.5.2) lib/rack/lock.rb:17:in `call'
  actionpack (4.0.0) lib/action_dispatch/middleware/static.rb:64:in `call'
  railties (4.0.0) lib/rails/engine.rb:511:in `call'
  railties (4.0.0) lib/rails/application.rb:97:in `call'
  rack (1.5.2) lib/rack/lock.rb:17:in `call'
  rack (1.5.2) lib/rack/content_length.rb:14:in `call'
  rack (1.5.2) lib/rack/handler/webrick.rb:60:in `service'
  /Users/kanzen/.rvm/rubies/ruby-2.0.0-p247/lib/ruby/2.0.0/webrick/httpserver.rb:138:in `service'
  /Users/kanzen/.rvm/rubies/ruby-2.0.0-p247/lib/ruby/2.0.0/webrick/httpserver.rb:94:in `run'
  /Users/kanzen/.rvm/rubies/ruby-2.0.0-p247/lib/ruby/2.0.0/webrick/server.rb:295:in `block in start_thread'


  Rendered /Users/kanzen/.rvm/gems/ruby-2.0.0-p247/gems/actionpack-4.0.0/lib/action_dispatch/middleware/templates/rescues/_trace.erb (1.5ms)
  Rendered /Users/kanzen/.rvm/gems/ruby-2.0.0-p247/gems/actionpack-4.0.0/lib/action_dispatch/middleware/templates/routes/_route.html.erb (1.4ms)
  Rendered /Users/kanzen/.rvm/gems/ruby-2.0.0-p247/gems/actionpack-4.0.0/lib/action_dispatch/middleware/templates/routes/_table.html.erb (3.2ms)
  Rendered /Users/kanzen/.rvm/gems/ruby-2.0.0-p247/gems/actionpack-4.0.0/lib/action_dispatch/middleware/templates/rescues/routing_error.erb within rescues/layout (55.2ms)


Started GET "/posts/new" for 127.0.0.1 at 2013-07-26 17:46:00 -0400

ActionController::RoutingError (No route matches [GET] "/posts/new"):
  actionpack (4.0.0) lib/action_dispatch/middleware/debug_exceptions.rb:21:in `call'
  actionpack (4.0.0) lib/action_dispatch/middleware/show_exceptions.rb:30:in `call'
  railties (4.0.0) lib/rails/rack/logger.rb:38:in `call_app'
  railties (4.0.0) lib/rails/rack/logger.rb:21:in `block in call'
  activesupport (4.0.0) lib/active_support/tagged_logging.rb:67:in `block in tagged'
  activesupport (4.0.0) lib/active_support/tagged_logging.rb:25:in `tagged'
  activesupport (4.0.0) lib/active_support/tagged_logging.rb:67:in `tagged'
  railties (4.0.0) lib/rails/rack/logger.rb:21:in `call'
  actionpack (4.0.0) lib/action_dispatch/middleware/request_id.rb:21:in `call'
  rack (1.5.2) lib/rack/methodoverride.rb:21:in `call'
  rack (1.5.2) lib/rack/runtime.rb:17:in `call'
  activesupport (4.0.0) lib/active_support/cache/strategy/local_cache.rb:83:in `call'
  rack (1.5.2) lib/rack/lock.rb:17:in `call'
  actionpack (4.0.0) lib/action_dispatch/middleware/static.rb:64:in `call'
  railties (4.0.0) lib/rails/engine.rb:511:in `call'
  railties (4.0.0) lib/rails/application.rb:97:in `call'
  rack (1.5.2) lib/rack/lock.rb:17:in `call'
  rack (1.5.2) lib/rack/content_length.rb:14:in `call'
  rack (1.5.2) lib/rack/handler/webrick.rb:60:in `service'
  /Users/kanzen/.rvm/rubies/ruby-2.0.0-p247/lib/ruby/2.0.0/webrick/httpserver.rb:138:in `service'
  /Users/kanzen/.rvm/rubies/ruby-2.0.0-p247/lib/ruby/2.0.0/webrick/httpserver.rb:94:in `run'
  /Users/kanzen/.rvm/rubies/ruby-2.0.0-p247/lib/ruby/2.0.0/webrick/server.rb:295:in `block in start_thread'


  Rendered /Users/kanzen/.rvm/gems/ruby-2.0.0-p247/gems/actionpack-4.0.0/lib/action_dispatch/middleware/templates/rescues/_trace.erb (1.1ms)
  Rendered /Users/kanzen/.rvm/gems/ruby-2.0.0-p247/gems/actionpack-4.0.0/lib/action_dispatch/middleware/templates/routes/_route.html.erb (0.8ms)
  Rendered /Users/kanzen/.rvm/gems/ruby-2.0.0-p247/gems/actionpack-4.0.0/lib/action_dispatch/middleware/templates/routes/_table.html.erb (1.0ms)
  Rendered /Users/kanzen/.rvm/gems/ruby-2.0.0-p247/gems/actionpack-4.0.0/lib/action_dispatch/middleware/templates/rescues/routing_error.erb within rescues/layout (14.8ms)


Started GET "/welcome/index" for 127.0.0.1 at 2013-07-26 17:46:05 -0400
Processing by WelcomeController#index as HTML
  Rendered welcome/index.html.erb within layouts/application (0.1ms)
Completed 200 OK in 6ms (Views: 5.8ms | ActiveRecord: 0.0ms)


Started GET "/assets/application.css?body=1" for 127.0.0.1 at 2013-07-26 17:46:05 -0400


Started GET "/assets/jquery_ujs.js?body=1" for 127.0.0.1 at 2013-07-26 17:46:05 -0400


Started GET "/assets/intro.css?body=1" for 127.0.0.1 at 2013-07-26 17:46:05 -0400


Started GET "/assets/intro.js?body=1" for 127.0.0.1 at 2013-07-26 17:46:05 -0400


Started GET "/assets/welcome.css?body=1" for 127.0.0.1 at 2013-07-26 17:46:05 -0400


Started GET "/assets/posts.css?body=1" for 127.0.0.1 at 2013-07-26 17:46:05 -0400


Started GET "/assets/turbolinks.js?body=1" for 127.0.0.1 at 2013-07-26 17:46:05 -0400


Started GET "/assets/posts.js?body=1" for 127.0.0.1 at 2013-07-26 17:46:05 -0400


Started GET "/assets/jquery.js?body=1" for 127.0.0.1 at 2013-07-26 17:46:05 -0400


Started GET "/assets/welcome.js?body=1" for 127.0.0.1 at 2013-07-26 17:46:05 -0400


Started GET "/assets/application.js?body=1" for 127.0.0.1 at 2013-07-26 17:46:05 -0400


Started GET "/welcome/posts" for 127.0.0.1 at 2013-07-26 17:46:14 -0400

ActionController::RoutingError (No route matches [GET] "/welcome/posts"):
  actionpack (4.0.0) lib/action_dispatch/middleware/debug_exceptions.rb:21:in `call'
  actionpack (4.0.0) lib/action_dispatch/middleware/show_exceptions.rb:30:in `call'
  railties (4.0.0) lib/rails/rack/logger.rb:38:in `call_app'
  railties (4.0.0) lib/rails/rack/logger.rb:21:in `block in call'
  activesupport (4.0.0) lib/active_support/tagged_logging.rb:67:in `block in tagged'
  activesupport (4.0.0) lib/active_support/tagged_logging.rb:25:in `tagged'
  activesupport (4.0.0) lib/active_support/tagged_logging.rb:67:in `tagged'
  railties (4.0.0) lib/rails/rack/logger.rb:21:in `call'
  actionpack (4.0.0) lib/action_dispatch/middleware/request_id.rb:21:in `call'
  rack (1.5.2) lib/rack/methodoverride.rb:21:in `call'
  rack (1.5.2) lib/rack/runtime.rb:17:in `call'
  activesupport (4.0.0) lib/active_support/cache/strategy/local_cache.rb:83:in `call'
  rack (1.5.2) lib/rack/lock.rb:17:in `call'
  actionpack (4.0.0) lib/action_dispatch/middleware/static.rb:64:in `call'
  railties (4.0.0) lib/rails/engine.rb:511:in `call'
  railties (4.0.0) lib/rails/application.rb:97:in `call'
  rack (1.5.2) lib/rack/lock.rb:17:in `call'
  rack (1.5.2) lib/rack/content_length.rb:14:in `call'
  rack (1.5.2) lib/rack/handler/webrick.rb:60:in `service'
  /Users/kanzen/.rvm/rubies/ruby-2.0.0-p247/lib/ruby/2.0.0/webrick/httpserver.rb:138:in `service'
  /Users/kanzen/.rvm/rubies/ruby-2.0.0-p247/lib/ruby/2.0.0/webrick/httpserver.rb:94:in `run'
  /Users/kanzen/.rvm/rubies/ruby-2.0.0-p247/lib/ruby/2.0.0/webrick/server.rb:295:in `block in start_thread'


  Rendered /Users/kanzen/.rvm/gems/ruby-2.0.0-p247/gems/actionpack-4.0.0/lib/action_dispatch/middleware/templates/rescues/_trace.erb (0.8ms)
  Rendered /Users/kanzen/.rvm/gems/ruby-2.0.0-p247/gems/actionpack-4.0.0/lib/action_dispatch/middleware/templates/routes/_route.html.erb (0.7ms)
  Rendered /Users/kanzen/.rvm/gems/ruby-2.0.0-p247/gems/actionpack-4.0.0/lib/action_dispatch/middleware/templates/routes/_table.html.erb (1.0ms)
  Rendered /Users/kanzen/.rvm/gems/ruby-2.0.0-p247/gems/actionpack-4.0.0/lib/action_dispatch/middleware/templates/rescues/routing_error.erb within rescues/layout (14.2ms)


Started GET "/" for 127.0.0.1 at 2013-07-26 17:46:22 -0400
Processing by WelcomeController#index as HTML
  Rendered welcome/index.html.erb within layouts/application (0.0ms)
Completed 200 OK in 4ms (Views: 3.9ms | ActiveRecord: 0.0ms)


Started GET "/assets/application.css?body=1" for 127.0.0.1 at 2013-07-26 17:46:22 -0400


Started GET "/assets/posts.css?body=1" for 127.0.0.1 at 2013-07-26 17:46:22 -0400


Started GET "/assets/jquery.js?body=1" for 127.0.0.1 at 2013-07-26 17:46:22 -0400


Started GET "/assets/welcome.css?body=1" for 127.0.0.1 at 2013-07-26 17:46:22 -0400


Started GET "/assets/intro.css?body=1" for 127.0.0.1 at 2013-07-26 17:46:22 -0400


Started GET "/assets/turbolinks.js?body=1" for 127.0.0.1 at 2013-07-26 17:46:22 -0400


Started GET "/assets/jquery_ujs.js?body=1" for 127.0.0.1 at 2013-07-26 17:46:22 -0400


Started GET "/assets/posts.js?body=1" for 127.0.0.1 at 2013-07-26 17:46:22 -0400


Started GET "/assets/welcome.js?body=1" for 127.0.0.1 at 2013-07-26 17:46:22 -0400


Started GET "/assets/application.js?body=1" for 127.0.0.1 at 2013-07-26 17:46:22 -0400


Started GET "/assets/intro.js?body=1" for 127.0.0.1 at 2013-07-26 17:46:22 -0400


Started GET "/posts/new" for 127.0.0.1 at 2013-07-26 17:46:48 -0400

ActionController::RoutingError (No route matches [GET] "/posts/new"):
  actionpack (4.0.0) lib/action_dispatch/middleware/debug_exceptions.rb:21:in `call'
  actionpack (4.0.0) lib/action_dispatch/middleware/show_exceptions.rb:30:in `call'
  railties (4.0.0) lib/rails/rack/logger.rb:38:in `call_app'
  railties (4.0.0) lib/rails/rack/logger.rb:21:in `block in call'
  activesupport (4.0.0) lib/active_support/tagged_logging.rb:67:in `block in tagged'
  activesupport (4.0.0) lib/active_support/tagged_logging.rb:25:in `tagged'
  activesupport (4.0.0) lib/active_support/tagged_logging.rb:67:in `tagged'
  railties (4.0.0) lib/rails/rack/logger.rb:21:in `call'
  actionpack (4.0.0) lib/action_dispatch/middleware/request_id.rb:21:in `call'
  rack (1.5.2) lib/rack/methodoverride.rb:21:in `call'
  rack (1.5.2) lib/rack/runtime.rb:17:in `call'
  activesupport (4.0.0) lib/active_support/cache/strategy/local_cache.rb:83:in `call'
  rack (1.5.2) lib/rack/lock.rb:17:in `call'
  actionpack (4.0.0) lib/action_dispatch/middleware/static.rb:64:in `call'
  railties (4.0.0) lib/rails/engine.rb:511:in `call'
  railties (4.0.0) lib/rails/application.rb:97:in `call'
  rack (1.5.2) lib/rack/lock.rb:17:in `call'
  rack (1.5.2) lib/rack/content_length.rb:14:in `call'
  rack (1.5.2) lib/rack/handler/webrick.rb:60:in `service'
  /Users/kanzen/.rvm/rubies/ruby-2.0.0-p247/lib/ruby/2.0.0/webrick/httpserver.rb:138:in `service'
  /Users/kanzen/.rvm/rubies/ruby-2.0.0-p247/lib/ruby/2.0.0/webrick/httpserver.rb:94:in `run'
  /Users/kanzen/.rvm/rubies/ruby-2.0.0-p247/lib/ruby/2.0.0/webrick/server.rb:295:in `block in start_thread'


  Rendered /Users/kanzen/.rvm/gems/ruby-2.0.0-p247/gems/actionpack-4.0.0/lib/action_dispatch/middleware/templates/rescues/_trace.erb (0.9ms)
  Rendered /Users/kanzen/.rvm/gems/ruby-2.0.0-p247/gems/actionpack-4.0.0/lib/action_dispatch/middleware/templates/routes/_route.html.erb (0.7ms)
  Rendered /Users/kanzen/.rvm/gems/ruby-2.0.0-p247/gems/actionpack-4.0.0/lib/action_dispatch/middleware/templates/routes/_table.html.erb (3.8ms)
  Rendered /Users/kanzen/.rvm/gems/ruby-2.0.0-p247/gems/actionpack-4.0.0/lib/action_dispatch/middleware/templates/rescues/routing_error.erb within rescues/layout (21.5ms)


Started GET "/" for 127.0.0.1 at 2013-07-26 17:47:31 -0400
Processing by WelcomeController#index as HTML
  Rendered welcome/index.html.erb within layouts/application (1.1ms)
Completed 200 OK in 72ms (Views: 55.9ms | ActiveRecord: 0.0ms)


Started GET "/assets/application.css?body=1" for 127.0.0.1 at 2013-07-26 17:47:31 -0400


Started GET "/assets/intro.css?body=1" for 127.0.0.1 at 2013-07-26 17:47:31 -0400


Started GET "/assets/jquery.js?body=1" for 127.0.0.1 at 2013-07-26 17:47:31 -0400


Started GET "/assets/welcome.css?body=1" for 127.0.0.1 at 2013-07-26 17:47:31 -0400


Started GET "/assets/jquery_ujs.js?body=1" for 127.0.0.1 at 2013-07-26 17:47:31 -0400


Started GET "/assets/posts.css?body=1" for 127.0.0.1 at 2013-07-26 17:47:31 -0400


Started GET "/assets/turbolinks.js?body=1" for 127.0.0.1 at 2013-07-26 17:47:31 -0400


Started GET "/assets/intro.js?body=1" for 127.0.0.1 at 2013-07-26 17:47:31 -0400


Started GET "/assets/posts.js?body=1" for 127.0.0.1 at 2013-07-26 17:47:31 -0400


Started GET "/assets/welcome.js?body=1" for 127.0.0.1 at 2013-07-26 17:47:31 -0400


Started GET "/assets/application.js?body=1" for 127.0.0.1 at 2013-07-26 17:47:31 -0400


Started GET "/posts/new" for 127.0.0.1 at 2013-07-26 17:47:35 -0400

ActionController::RoutingError (No route matches [GET] "/posts/new"):
  actionpack (4.0.0) lib/action_dispatch/middleware/debug_exceptions.rb:21:in `call'
  actionpack (4.0.0) lib/action_dispatch/middleware/show_exceptions.rb:30:in `call'
  railties (4.0.0) lib/rails/rack/logger.rb:38:in `call_app'
  railties (4.0.0) lib/rails/rack/logger.rb:21:in `block in call'
  activesupport (4.0.0) lib/active_support/tagged_logging.rb:67:in `block in tagged'
  activesupport (4.0.0) lib/active_support/tagged_logging.rb:25:in `tagged'
  activesupport (4.0.0) lib/active_support/tagged_logging.rb:67:in `tagged'
  railties (4.0.0) lib/rails/rack/logger.rb:21:in `call'
  actionpack (4.0.0) lib/action_dispatch/middleware/request_id.rb:21:in `call'
  rack (1.5.2) lib/rack/methodoverride.rb:21:in `call'
  rack (1.5.2) lib/rack/runtime.rb:17:in `call'
  activesupport (4.0.0) lib/active_support/cache/strategy/local_cache.rb:83:in `call'
  rack (1.5.2) lib/rack/lock.rb:17:in `call'
  actionpack (4.0.0) lib/action_dispatch/middleware/static.rb:64:in `call'
  railties (4.0.0) lib/rails/engine.rb:511:in `call'
  railties (4.0.0) lib/rails/application.rb:97:in `call'
  rack (1.5.2) lib/rack/lock.rb:17:in `call'
  rack (1.5.2) lib/rack/content_length.rb:14:in `call'
  rack (1.5.2) lib/rack/handler/webrick.rb:60:in `service'
  /Users/kanzen/.rvm/rubies/ruby-2.0.0-p247/lib/ruby/2.0.0/webrick/httpserver.rb:138:in `service'
  /Users/kanzen/.rvm/rubies/ruby-2.0.0-p247/lib/ruby/2.0.0/webrick/httpserver.rb:94:in `run'
  /Users/kanzen/.rvm/rubies/ruby-2.0.0-p247/lib/ruby/2.0.0/webrick/server.rb:295:in `block in start_thread'


  Rendered /Users/kanzen/.rvm/gems/ruby-2.0.0-p247/gems/actionpack-4.0.0/lib/action_dispatch/middleware/templates/rescues/_trace.erb (1.3ms)
  Rendered /Users/kanzen/.rvm/gems/ruby-2.0.0-p247/gems/actionpack-4.0.0/lib/action_dispatch/middleware/templates/routes/_route.html.erb (0.7ms)
  Rendered /Users/kanzen/.rvm/gems/ruby-2.0.0-p247/gems/actionpack-4.0.0/lib/action_dispatch/middleware/templates/routes/_table.html.erb (3.0ms)
  Rendered /Users/kanzen/.rvm/gems/ruby-2.0.0-p247/gems/actionpack-4.0.0/lib/action_dispatch/middleware/templates/rescues/routing_error.erb within rescues/layout (42.5ms)


Started GET "/" for 127.0.0.1 at 2013-07-26 17:47:43 -0400
Processing by WelcomeController#index as HTML
  Rendered welcome/index.html.erb within layouts/application (0.1ms)
Completed 200 OK in 6ms (Views: 5.2ms | ActiveRecord: 0.0ms)


Started GET "/assets/intro.css?body=1" for 127.0.0.1 at 2013-07-26 17:47:43 -0400


Started GET "/assets/application.css?body=1" for 127.0.0.1 at 2013-07-26 17:47:43 -0400


Started GET "/assets/turbolinks.js?body=1" for 127.0.0.1 at 2013-07-26 17:47:43 -0400


Started GET "/assets/jquery_ujs.js?body=1" for 127.0.0.1 at 2013-07-26 17:47:43 -0400


Started GET "/assets/intro.js?body=1" for 127.0.0.1 at 2013-07-26 17:47:43 -0400


Started GET "/assets/posts.css?body=1" for 127.0.0.1 at 2013-07-26 17:47:43 -0400


Started GET "/assets/jquery.js?body=1" for 127.0.0.1 at 2013-07-26 17:47:43 -0400


Started GET "/assets/welcome.css?body=1" for 127.0.0.1 at 2013-07-26 17:47:43 -0400


Started GET "/assets/posts.js?body=1" for 127.0.0.1 at 2013-07-26 17:47:43 -0400


Started GET "/assets/welcome.js?body=1" for 127.0.0.1 at 2013-07-26 17:47:43 -0400


Started GET "/assets/application.js?body=1" for 127.0.0.1 at 2013-07-26 17:47:43 -0400


Started GET "/" for 127.0.0.1 at 2013-07-26 17:47:54 -0400
Processing by WelcomeController#index as HTML
  Rendered welcome/index.html.erb within layouts/application (0.6ms)
Completed 200 OK in 9ms (Views: 7.9ms | ActiveRecord: 0.0ms)


Started GET "/" for 127.0.0.1 at 2013-07-26 17:48:01 -0400
Processing by WelcomeController#index as HTML
  Rendered welcome/index.html.erb within layouts/application (0.1ms)
Completed 200 OK in 7ms (Views: 6.7ms | ActiveRecord: 0.0ms)


Started GET "/posts/new" for 127.0.0.1 at 2013-07-26 17:50:55 -0400

ActionController::RoutingError (No route matches [GET] "/posts/new"):
  actionpack (4.0.0) lib/action_dispatch/middleware/debug_exceptions.rb:21:in `call'
  actionpack (4.0.0) lib/action_dispatch/middleware/show_exceptions.rb:30:in `call'
  railties (4.0.0) lib/rails/rack/logger.rb:38:in `call_app'
  railties (4.0.0) lib/rails/rack/logger.rb:21:in `block in call'
  activesupport (4.0.0) lib/active_support/tagged_logging.rb:67:in `block in tagged'
  activesupport (4.0.0) lib/active_support/tagged_logging.rb:25:in `tagged'
  activesupport (4.0.0) lib/active_support/tagged_logging.rb:67:in `tagged'
  railties (4.0.0) lib/rails/rack/logger.rb:21:in `call'
  actionpack (4.0.0) lib/action_dispatch/middleware/request_id.rb:21:in `call'
  rack (1.5.2) lib/rack/methodoverride.rb:21:in `call'
  rack (1.5.2) lib/rack/runtime.rb:17:in `call'
  activesupport (4.0.0) lib/active_support/cache/strategy/local_cache.rb:83:in `call'
  rack (1.5.2) lib/rack/lock.rb:17:in `call'
  actionpack (4.0.0) lib/action_dispatch/middleware/static.rb:64:in `call'
  railties (4.0.0) lib/rails/engine.rb:511:in `call'
  railties (4.0.0) lib/rails/application.rb:97:in `call'
  rack (1.5.2) lib/rack/lock.rb:17:in `call'
  rack (1.5.2) lib/rack/content_length.rb:14:in `call'
  rack (1.5.2) lib/rack/handler/webrick.rb:60:in `service'
  /Users/kanzen/.rvm/rubies/ruby-2.0.0-p247/lib/ruby/2.0.0/webrick/httpserver.rb:138:in `service'
  /Users/kanzen/.rvm/rubies/ruby-2.0.0-p247/lib/ruby/2.0.0/webrick/httpserver.rb:94:in `run'
  /Users/kanzen/.rvm/rubies/ruby-2.0.0-p247/lib/ruby/2.0.0/webrick/server.rb:295:in `block in start_thread'


  Rendered /Users/kanzen/.rvm/gems/ruby-2.0.0-p247/gems/actionpack-4.0.0/lib/action_dispatch/middleware/templates/rescues/_trace.erb (0.9ms)
  Rendered /Users/kanzen/.rvm/gems/ruby-2.0.0-p247/gems/actionpack-4.0.0/lib/action_dispatch/middleware/templates/routes/_route.html.erb (0.7ms)
  Rendered /Users/kanzen/.rvm/gems/ruby-2.0.0-p247/gems/actionpack-4.0.0/lib/action_dispatch/middleware/templates/routes/_table.html.erb (2.7ms)
  Rendered /Users/kanzen/.rvm/gems/ruby-2.0.0-p247/gems/actionpack-4.0.0/lib/action_dispatch/middleware/templates/rescues/routing_error.erb within rescues/layout (17.7ms)


Started GET "/" for 127.0.0.1 at 2013-07-26 17:55:44 -0400
Processing by WelcomeController#index as HTML
  Rendered welcome/index.html.erb within layouts/application (1.5ms)
Completed 200 OK in 88ms (Views: 64.7ms | ActiveRecord: 0.0ms)


Started GET "/assets/intro.css?body=1" for 127.0.0.1 at 2013-07-26 17:55:44 -0400


Started GET "/assets/posts.css?body=1" for 127.0.0.1 at 2013-07-26 17:55:44 -0400


Started GET "/assets/application.css?body=1" for 127.0.0.1 at 2013-07-26 17:55:44 -0400


Started GET "/assets/welcome.css?body=1" for 127.0.0.1 at 2013-07-26 17:55:44 -0400


Started GET "/assets/jquery.js?body=1" for 127.0.0.1 at 2013-07-26 17:55:44 -0400


Started GET "/assets/jquery_ujs.js?body=1" for 127.0.0.1 at 2013-07-26 17:55:44 -0400


Started GET "/assets/turbolinks.js?body=1" for 127.0.0.1 at 2013-07-26 17:55:44 -0400


Started GET "/assets/intro.js?body=1" for 127.0.0.1 at 2013-07-26 17:55:44 -0400


Started GET "/assets/posts.js?body=1" for 127.0.0.1 at 2013-07-26 17:55:44 -0400


Started GET "/assets/welcome.js?body=1" for 127.0.0.1 at 2013-07-26 17:55:44 -0400


Started GET "/assets/application.js?body=1" for 127.0.0.1 at 2013-07-26 17:55:44 -0400


Started GET "/posts" for 127.0.0.1 at 2013-07-26 17:55:55 -0400

ActionController::RoutingError (No route matches [GET] "/posts"):
  actionpack (4.0.0) lib/action_dispatch/middleware/debug_exceptions.rb:21:in `call'
  actionpack (4.0.0) lib/action_dispatch/middleware/show_exceptions.rb:30:in `call'
  railties (4.0.0) lib/rails/rack/logger.rb:38:in `call_app'
  railties (4.0.0) lib/rails/rack/logger.rb:21:in `block in call'
  activesupport (4.0.0) lib/active_support/tagged_logging.rb:67:in `block in tagged'
  activesupport (4.0.0) lib/active_support/tagged_logging.rb:25:in `tagged'
  activesupport (4.0.0) lib/active_support/tagged_logging.rb:67:in `tagged'
  railties (4.0.0) lib/rails/rack/logger.rb:21:in `call'
  actionpack (4.0.0) lib/action_dispatch/middleware/request_id.rb:21:in `call'
  rack (1.5.2) lib/rack/methodoverride.rb:21:in `call'
  rack (1.5.2) lib/rack/runtime.rb:17:in `call'
  activesupport (4.0.0) lib/active_support/cache/strategy/local_cache.rb:83:in `call'
  rack (1.5.2) lib/rack/lock.rb:17:in `call'
  actionpack (4.0.0) lib/action_dispatch/middleware/static.rb:64:in `call'
  railties (4.0.0) lib/rails/engine.rb:511:in `call'
  railties (4.0.0) lib/rails/application.rb:97:in `call'
  rack (1.5.2) lib/rack/lock.rb:17:in `call'
  rack (1.5.2) lib/rack/content_length.rb:14:in `call'
  rack (1.5.2) lib/rack/handler/webrick.rb:60:in `service'
  /Users/kanzen/.rvm/rubies/ruby-2.0.0-p247/lib/ruby/2.0.0/webrick/httpserver.rb:138:in `service'
  /Users/kanzen/.rvm/rubies/ruby-2.0.0-p247/lib/ruby/2.0.0/webrick/httpserver.rb:94:in `run'
  /Users/kanzen/.rvm/rubies/ruby-2.0.0-p247/lib/ruby/2.0.0/webrick/server.rb:295:in `block in start_thread'


  Rendered /Users/kanzen/.rvm/gems/ruby-2.0.0-p247/gems/actionpack-4.0.0/lib/action_dispatch/middleware/templates/rescues/_trace.erb (1.4ms)
  Rendered /Users/kanzen/.rvm/gems/ruby-2.0.0-p247/gems/actionpack-4.0.0/lib/action_dispatch/middleware/templates/routes/_route.html.erb (0.8ms)
  Rendered /Users/kanzen/.rvm/gems/ruby-2.0.0-p247/gems/actionpack-4.0.0/lib/action_dispatch/middleware/templates/routes/_table.html.erb (4.6ms)
  Rendered /Users/kanzen/.rvm/gems/ruby-2.0.0-p247/gems/actionpack-4.0.0/lib/action_dispatch/middleware/templates/rescues/routing_error.erb within rescues/layout (54.1ms)


Started GET "/posts/new" for 127.0.0.1 at 2013-07-26 17:55:58 -0400

ActionController::RoutingError (No route matches [GET] "/posts/new"):
  actionpack (4.0.0) lib/action_dispatch/middleware/debug_exceptions.rb:21:in `call'
  actionpack (4.0.0) lib/action_dispatch/middleware/show_exceptions.rb:30:in `call'
  railties (4.0.0) lib/rails/rack/logger.rb:38:in `call_app'
  railties (4.0.0) lib/rails/rack/logger.rb:21:in `block in call'
  activesupport (4.0.0) lib/active_support/tagged_logging.rb:67:in `block in tagged'
  activesupport (4.0.0) lib/active_support/tagged_logging.rb:25:in `tagged'
  activesupport (4.0.0) lib/active_support/tagged_logging.rb:67:in `tagged'
  railties (4.0.0) lib/rails/rack/logger.rb:21:in `call'
  actionpack (4.0.0) lib/action_dispatch/middleware/request_id.rb:21:in `call'
  rack (1.5.2) lib/rack/methodoverride.rb:21:in `call'
  rack (1.5.2) lib/rack/runtime.rb:17:in `call'
  activesupport (4.0.0) lib/active_support/cache/strategy/local_cache.rb:83:in `call'
  rack (1.5.2) lib/rack/lock.rb:17:in `call'
  actionpack (4.0.0) lib/action_dispatch/middleware/static.rb:64:in `call'
  railties (4.0.0) lib/rails/engine.rb:511:in `call'
  railties (4.0.0) lib/rails/application.rb:97:in `call'
  rack (1.5.2) lib/rack/lock.rb:17:in `call'
  rack (1.5.2) lib/rack/content_length.rb:14:in `call'
  rack (1.5.2) lib/rack/handler/webrick.rb:60:in `service'
  /Users/kanzen/.rvm/rubies/ruby-2.0.0-p247/lib/ruby/2.0.0/webrick/httpserver.rb:138:in `service'
  /Users/kanzen/.rvm/rubies/ruby-2.0.0-p247/lib/ruby/2.0.0/webrick/httpserver.rb:94:in `run'
  /Users/kanzen/.rvm/rubies/ruby-2.0.0-p247/lib/ruby/2.0.0/webrick/server.rb:295:in `block in start_thread'


  Rendered /Users/kanzen/.rvm/gems/ruby-2.0.0-p247/gems/actionpack-4.0.0/lib/action_dispatch/middleware/templates/rescues/_trace.erb (1.0ms)
  Rendered /Users/kanzen/.rvm/gems/ruby-2.0.0-p247/gems/actionpack-4.0.0/lib/action_dispatch/middleware/templates/routes/_route.html.erb (0.7ms)
  Rendered /Users/kanzen/.rvm/gems/ruby-2.0.0-p247/gems/actionpack-4.0.0/lib/action_dispatch/middleware/templates/routes/_table.html.erb (1.0ms)
  Rendered /Users/kanzen/.rvm/gems/ruby-2.0.0-p247/gems/actionpack-4.0.0/lib/action_dispatch/middleware/templates/rescues/routing_error.erb within rescues/layout (14.4ms)


Started GET "/" for 127.0.0.1 at 2013-07-26 17:56:02 -0400
Processing by WelcomeController#index as HTML
  Rendered welcome/index.html.erb within layouts/application (0.1ms)
Completed 200 OK in 7ms (Views: 5.9ms | ActiveRecord: 0.0ms)


Started GET "/assets/posts.css?body=1" for 127.0.0.1 at 2013-07-26 17:56:03 -0400


Started GET "/assets/intro.css?body=1" for 127.0.0.1 at 2013-07-26 17:56:03 -0400


Started GET "/assets/turbolinks.js?body=1" for 127.0.0.1 at 2013-07-26 17:56:03 -0400


Started GET "/assets/jquery_ujs.js?body=1" for 127.0.0.1 at 2013-07-26 17:56:03 -0400


Started GET "/assets/application.css?body=1" for 127.0.0.1 at 2013-07-26 17:56:03 -0400


Started GET "/assets/intro.js?body=1" for 127.0.0.1 at 2013-07-26 17:56:03 -0400


Started GET "/assets/jquery.js?body=1" for 127.0.0.1 at 2013-07-26 17:56:03 -0400


Started GET "/assets/welcome.css?body=1" for 127.0.0.1 at 2013-07-26 17:56:03 -0400


Started GET "/assets/posts.js?body=1" for 127.0.0.1 at 2013-07-26 17:56:03 -0400


Started GET "/assets/application.js?body=1" for 127.0.0.1 at 2013-07-26 17:56:03 -0400


Started GET "/assets/welcome.js?body=1" for 127.0.0.1 at 2013-07-26 17:56:03 -0400


Started GET "/" for 127.0.0.1 at 2013-07-29 12:45:02 -0400
Processing by WelcomeController#index as HTML
  Rendered welcome/index.html.erb within layouts/application (1.8ms)
Completed 200 OK in 142ms (Views: 119.7ms | ActiveRecord: 0.0ms)


Started GET "/assets/application.css?body=1" for 127.0.0.1 at 2013-07-29 12:45:03 -0400


Started GET "/assets/turbolinks.js?body=1" for 127.0.0.1 at 2013-07-29 12:45:03 -0400


Started GET "/assets/jquery.js?body=1" for 127.0.0.1 at 2013-07-29 12:45:03 -0400


Started GET "/assets/intro.css?body=1" for 127.0.0.1 at 2013-07-29 12:45:03 -0400


Started GET "/assets/jquery_ujs.js?body=1" for 127.0.0.1 at 2013-07-29 12:45:03 -0400


Started GET "/assets/welcome.js?body=1" for 127.0.0.1 at 2013-07-29 12:45:03 -0400


Started GET "/assets/welcome.css?body=1" for 127.0.0.1 at 2013-07-29 12:45:03 -0400


Started GET "/assets/intro.js?body=1" for 127.0.0.1 at 2013-07-29 12:45:03 -0400


Started GET "/assets/posts.js?body=1" for 127.0.0.1 at 2013-07-29 12:45:03 -0400


Started GET "/assets/posts.css?body=1" for 127.0.0.1 at 2013-07-29 12:45:03 -0400


Started GET "/assets/application.js?body=1" for 127.0.0.1 at 2013-07-29 12:45:03 -0400


Started GET "/posts" for 127.0.0.1 at 2013-07-29 12:45:18 -0400

ActionController::RoutingError (No route matches [GET] "/posts"):
  actionpack (4.0.0) lib/action_dispatch/middleware/debug_exceptions.rb:21:in `call'
  actionpack (4.0.0) lib/action_dispatch/middleware/show_exceptions.rb:30:in `call'
  railties (4.0.0) lib/rails/rack/logger.rb:38:in `call_app'
  railties (4.0.0) lib/rails/rack/logger.rb:21:in `block in call'
  activesupport (4.0.0) lib/active_support/tagged_logging.rb:67:in `block in tagged'
  activesupport (4.0.0) lib/active_support/tagged_logging.rb:25:in `tagged'
  activesupport (4.0.0) lib/active_support/tagged_logging.rb:67:in `tagged'
  railties (4.0.0) lib/rails/rack/logger.rb:21:in `call'
  actionpack (4.0.0) lib/action_dispatch/middleware/request_id.rb:21:in `call'
  rack (1.5.2) lib/rack/methodoverride.rb:21:in `call'
  rack (1.5.2) lib/rack/runtime.rb:17:in `call'
  activesupport (4.0.0) lib/active_support/cache/strategy/local_cache.rb:83:in `call'
  rack (1.5.2) lib/rack/lock.rb:17:in `call'
  actionpack (4.0.0) lib/action_dispatch/middleware/static.rb:64:in `call'
  railties (4.0.0) lib/rails/engine.rb:511:in `call'
  railties (4.0.0) lib/rails/application.rb:97:in `call'
  rack (1.5.2) lib/rack/lock.rb:17:in `call'
  rack (1.5.2) lib/rack/content_length.rb:14:in `call'
  rack (1.5.2) lib/rack/handler/webrick.rb:60:in `service'
  /Users/kanzen/.rvm/rubies/ruby-2.0.0-p247/lib/ruby/2.0.0/webrick/httpserver.rb:138:in `service'
  /Users/kanzen/.rvm/rubies/ruby-2.0.0-p247/lib/ruby/2.0.0/webrick/httpserver.rb:94:in `run'
  /Users/kanzen/.rvm/rubies/ruby-2.0.0-p247/lib/ruby/2.0.0/webrick/server.rb:295:in `block in start_thread'


  Rendered /Users/kanzen/.rvm/gems/ruby-2.0.0-p247/gems/actionpack-4.0.0/lib/action_dispatch/middleware/templates/rescues/_trace.erb (2.0ms)
  Rendered /Users/kanzen/.rvm/gems/ruby-2.0.0-p247/gems/actionpack-4.0.0/lib/action_dispatch/middleware/templates/routes/_route.html.erb (1.3ms)
  Rendered /Users/kanzen/.rvm/gems/ruby-2.0.0-p247/gems/actionpack-4.0.0/lib/action_dispatch/middleware/templates/routes/_table.html.erb (5.7ms)
  Rendered /Users/kanzen/.rvm/gems/ruby-2.0.0-p247/gems/actionpack-4.0.0/lib/action_dispatch/middleware/templates/rescues/routing_error.erb within rescues/layout (63.3ms)


Started GET "/welcome/index" for 127.0.0.1 at 2013-07-29 12:45:22 -0400
Processing by WelcomeController#index as HTML
  Rendered welcome/index.html.erb within layouts/application (0.1ms)
Completed 200 OK in 8ms (Views: 7.0ms | ActiveRecord: 0.0ms)


Started GET "/assets/application.css?body=1" for 127.0.0.1 at 2013-07-29 12:45:22 -0400


Started GET "/assets/jquery.js?body=1" for 127.0.0.1 at 2013-07-29 12:45:22 -0400


Started GET "/assets/jquery_ujs.js?body=1" for 127.0.0.1 at 2013-07-29 12:45:22 -0400


Started GET "/assets/posts.css?body=1" for 127.0.0.1 at 2013-07-29 12:45:22 -0400


Started GET "/assets/intro.js?body=1" for 127.0.0.1 at 2013-07-29 12:45:22 -0400


Started GET "/assets/intro.css?body=1" for 127.0.0.1 at 2013-07-29 12:45:22 -0400


Started GET "/assets/welcome.css?body=1" for 127.0.0.1 at 2013-07-29 12:45:22 -0400


Started GET "/assets/welcome.js?body=1" for 127.0.0.1 at 2013-07-29 12:45:22 -0400


Started GET "/assets/application.js?body=1" for 127.0.0.1 at 2013-07-29 12:45:22 -0400


Started GET "/assets/posts.js?body=1" for 127.0.0.1 at 2013-07-29 12:45:22 -0400


Started GET "/assets/turbolinks.js?body=1" for 127.0.0.1 at 2013-07-29 12:45:22 -0400


Started GET "/" for 127.0.0.1 at 2013-08-05 20:32:39 -0400
Processing by WelcomeController#index as HTML
  Rendered welcome/index.html.erb within layouts/application (1.1ms)
Completed 200 OK in 115ms (Views: 86.4ms | ActiveRecord: 0.0ms)


Started GET "/assets/intro.css?body=1" for 127.0.0.1 at 2013-08-05 20:32:39 -0400


Started GET "/assets/jquery.js?body=1" for 127.0.0.1 at 2013-08-05 20:32:40 -0400


Started GET "/assets/turbolinks.js?body=1" for 127.0.0.1 at 2013-08-05 20:32:40 -0400


Started GET "/assets/jquery_ujs.js?body=1" for 127.0.0.1 at 2013-08-05 20:32:40 -0400


Started GET "/assets/posts.css?body=1" for 127.0.0.1 at 2013-08-05 20:32:40 -0400


Started GET "/assets/welcome.css?body=1" for 127.0.0.1 at 2013-08-05 20:32:40 -0400


Started GET "/assets/posts.js?body=1" for 127.0.0.1 at 2013-08-05 20:32:40 -0400


Started GET "/assets/welcome.js?body=1" for 127.0.0.1 at 2013-08-05 20:32:40 -0400


Started GET "/assets/intro.js?body=1" for 127.0.0.1 at 2013-08-05 20:32:40 -0400


Started GET "/assets/jquery_ujs.js?body=1" for 127.0.0.1 at 2013-08-05 20:32:40 -0400


Started GET "/assets/turbolinks.js?body=1" for 127.0.0.1 at 2013-08-05 20:32:40 -0400


Started GET "/" for 127.0.0.1 at 2013-08-05 20:35:21 -0400
Processing by WelcomeController#index as HTML
  Rendered welcome/index.html.erb within layouts/application (0.1ms)
Completed 200 OK in 69ms (Views: 68.6ms | ActiveRecord: 0.0ms)


Started GET "/assets/intro.css?body=1" for 127.0.0.1 at 2013-08-05 20:35:21 -0400


Started GET "/assets/jquery_ujs.js?body=1" for 127.0.0.1 at 2013-08-05 20:35:21 -0400


Started GET "/assets/jquery.js?body=1" for 127.0.0.1 at 2013-08-05 20:35:21 -0400


Started GET "/assets/welcome.css?body=1" for 127.0.0.1 at 2013-08-05 20:35:21 -0400


Started GET "/assets/posts.css?body=1" for 127.0.0.1 at 2013-08-05 20:35:21 -0400


Started GET "/assets/turbolinks.js?body=1" for 127.0.0.1 at 2013-08-05 20:35:21 -0400


Started GET "/assets/application.css?body=1" for 127.0.0.1 at 2013-08-05 20:35:21 -0400


Started GET "/assets/intro.js?body=1" for 127.0.0.1 at 2013-08-05 20:35:21 -0400


Started GET "/assets/posts.js?body=1" for 127.0.0.1 at 2013-08-05 20:35:21 -0400


Started GET "/assets/welcome.js?body=1" for 127.0.0.1 at 2013-08-05 20:35:21 -0400


Started GET "/assets/application.js?body=1" for 127.0.0.1 at 2013-08-05 20:35:21 -0400


Started GET "/" for 127.0.0.1 at 2013-08-05 20:35:39 -0400
Processing by WelcomeController#index as HTML
  Rendered welcome/index.html.erb within layouts/application (0.1ms)
Completed 200 OK in 52ms (Views: 51.2ms | ActiveRecord: 0.0ms)


Started GET "/assets/intro.css?body=1" for 127.0.0.1 at 2013-08-05 20:35:39 -0400


Started GET "/assets/intro.js?body=1" for 127.0.0.1 at 2013-08-05 20:35:39 -0400


Started GET "/assets/posts.css?body=1" for 127.0.0.1 at 2013-08-05 20:35:39 -0400


Started GET "/assets/jquery_ujs.js?body=1" for 127.0.0.1 at 2013-08-05 20:35:39 -0400


Started GET "/assets/turbolinks.js?body=1" for 127.0.0.1 at 2013-08-05 20:35:39 -0400


Started GET "/assets/posts.js?body=1" for 127.0.0.1 at 2013-08-05 20:35:39 -0400


Started GET "/assets/welcome.css?body=1" for 127.0.0.1 at 2013-08-05 20:35:39 -0400


Started GET "/assets/welcome.js?body=1" for 127.0.0.1 at 2013-08-05 20:35:39 -0400


Started GET "/assets/jquery.js?body=1" for 127.0.0.1 at 2013-08-05 20:35:39 -0400


Started GET "/about/index" for 127.0.0.1 at 2013-08-05 20:36:20 -0400

ActionController::RoutingError (No route matches [GET] "/about/index"):
  actionpack (4.0.0) lib/action_dispatch/middleware/debug_exceptions.rb:21:in `call'
  actionpack (4.0.0) lib/action_dispatch/middleware/show_exceptions.rb:30:in `call'
  railties (4.0.0) lib/rails/rack/logger.rb:38:in `call_app'
  railties (4.0.0) lib/rails/rack/logger.rb:21:in `block in call'
  activesupport (4.0.0) lib/active_support/tagged_logging.rb:67:in `block in tagged'
  activesupport (4.0.0) lib/active_support/tagged_logging.rb:25:in `tagged'
  activesupport (4.0.0) lib/active_support/tagged_logging.rb:67:in `tagged'
  railties (4.0.0) lib/rails/rack/logger.rb:21:in `call'
  actionpack (4.0.0) lib/action_dispatch/middleware/request_id.rb:21:in `call'
  rack (1.5.2) lib/rack/methodoverride.rb:21:in `call'
  rack (1.5.2) lib/rack/runtime.rb:17:in `call'
  activesupport (4.0.0) lib/active_support/cache/strategy/local_cache.rb:83:in `call'
  rack (1.5.2) lib/rack/lock.rb:17:in `call'
  actionpack (4.0.0) lib/action_dispatch/middleware/static.rb:64:in `call'
  railties (4.0.0) lib/rails/engine.rb:511:in `call'
  railties (4.0.0) lib/rails/application.rb:97:in `call'
  rack (1.5.2) lib/rack/lock.rb:17:in `call'
  rack (1.5.2) lib/rack/content_length.rb:14:in `call'
  rack (1.5.2) lib/rack/handler/webrick.rb:60:in `service'
  /Users/kanzen/.rvm/rubies/ruby-2.0.0-p247/lib/ruby/2.0.0/webrick/httpserver.rb:138:in `service'
  /Users/kanzen/.rvm/rubies/ruby-2.0.0-p247/lib/ruby/2.0.0/webrick/httpserver.rb:94:in `run'
  /Users/kanzen/.rvm/rubies/ruby-2.0.0-p247/lib/ruby/2.0.0/webrick/server.rb:295:in `block in start_thread'


  Rendered /Users/kanzen/.rvm/gems/ruby-2.0.0-p247/gems/actionpack-4.0.0/lib/action_dispatch/middleware/templates/rescues/_trace.erb (1.5ms)
  Rendered /Users/kanzen/.rvm/gems/ruby-2.0.0-p247/gems/actionpack-4.0.0/lib/action_dispatch/middleware/templates/routes/_route.html.erb (1.1ms)
  Rendered /Users/kanzen/.rvm/gems/ruby-2.0.0-p247/gems/actionpack-4.0.0/lib/action_dispatch/middleware/templates/routes/_table.html.erb (5.8ms)
  Rendered /Users/kanzen/.rvm/gems/ruby-2.0.0-p247/gems/actionpack-4.0.0/lib/action_dispatch/middleware/templates/rescues/routing_error.erb within rescues/layout (30.8ms)


Started GET "/about/index" for 127.0.0.1 at 2013-08-05 20:36:20 -0400

ActionController::RoutingError (No route matches [GET] "/about/index"):
  actionpack (4.0.0) lib/action_dispatch/middleware/debug_exceptions.rb:21:in `call'
  actionpack (4.0.0) lib/action_dispatch/middleware/show_exceptions.rb:30:in `call'
  railties (4.0.0) lib/rails/rack/logger.rb:38:in `call_app'
  railties (4.0.0) lib/rails/rack/logger.rb:21:in `block in call'
  activesupport (4.0.0) lib/active_support/tagged_logging.rb:67:in `block in tagged'
  activesupport (4.0.0) lib/active_support/tagged_logging.rb:25:in `tagged'
  activesupport (4.0.0) lib/active_support/tagged_logging.rb:67:in `tagged'
  railties (4.0.0) lib/rails/rack/logger.rb:21:in `call'
  actionpack (4.0.0) lib/action_dispatch/middleware/request_id.rb:21:in `call'
  rack (1.5.2) lib/rack/methodoverride.rb:21:in `call'
  rack (1.5.2) lib/rack/runtime.rb:17:in `call'
  activesupport (4.0.0) lib/active_support/cache/strategy/local_cache.rb:83:in `call'
  rack (1.5.2) lib/rack/lock.rb:17:in `call'
  actionpack (4.0.0) lib/action_dispatch/middleware/static.rb:64:in `call'
  railties (4.0.0) lib/rails/engine.rb:511:in `call'
  railties (4.0.0) lib/rails/application.rb:97:in `call'
  rack (1.5.2) lib/rack/lock.rb:17:in `call'
  rack (1.5.2) lib/rack/content_length.rb:14:in `call'
  rack (1.5.2) lib/rack/handler/webrick.rb:60:in `service'
  /Users/kanzen/.rvm/rubies/ruby-2.0.0-p247/lib/ruby/2.0.0/webrick/httpserver.rb:138:in `service'
  /Users/kanzen/.rvm/rubies/ruby-2.0.0-p247/lib/ruby/2.0.0/webrick/httpserver.rb:94:in `run'
  /Users/kanzen/.rvm/rubies/ruby-2.0.0-p247/lib/ruby/2.0.0/webrick/server.rb:295:in `block in start_thread'


  Rendered /Users/kanzen/.rvm/gems/ruby-2.0.0-p247/gems/actionpack-4.0.0/lib/action_dispatch/middleware/templates/rescues/_trace.erb (1.2ms)
  Rendered /Users/kanzen/.rvm/gems/ruby-2.0.0-p247/gems/actionpack-4.0.0/lib/action_dispatch/middleware/templates/routes/_route.html.erb (0.8ms)
  Rendered /Users/kanzen/.rvm/gems/ruby-2.0.0-p247/gems/actionpack-4.0.0/lib/action_dispatch/middleware/templates/routes/_table.html.erb (1.1ms)
  Rendered /Users/kanzen/.rvm/gems/ruby-2.0.0-p247/gems/actionpack-4.0.0/lib/action_dispatch/middleware/templates/rescues/routing_error.erb within rescues/layout (15.3ms)


Started GET "/" for 127.0.0.1 at 2013-08-05 20:36:21 -0400
Processing by WelcomeController#index as HTML
  Rendered welcome/index.html.erb within layouts/application (0.4ms)
Completed 200 OK in 40ms (Views: 39.3ms | ActiveRecord: 0.0ms)


Started GET "/" for 127.0.0.1 at 2013-08-05 20:39:59 -0400
Processing by WelcomeController#index as HTML
  Rendered welcome/index.html.erb within layouts/application (1.5ms)
Completed 200 OK in 98ms (Views: 71.0ms | ActiveRecord: 0.0ms)


Started GET "/assets/application.css?body=1" for 127.0.0.1 at 2013-08-05 20:40:00 -0400


Started GET "/assets/intro.css?body=1" for 127.0.0.1 at 2013-08-05 20:40:00 -0400


Started GET "/assets/posts.css?body=1" for 127.0.0.1 at 2013-08-05 20:40:00 -0400


Started GET "/assets/welcome.css?body=1" for 127.0.0.1 at 2013-08-05 20:40:00 -0400


Started GET "/assets/application.js?body=1" for 127.0.0.1 at 2013-08-05 20:40:00 -0400


Started GET "/assets/jquery_ujs.js?body=1" for 127.0.0.1 at 2013-08-05 20:40:00 -0400


Started GET "/assets/turbolinks.js?body=1" for 127.0.0.1 at 2013-08-05 20:40:00 -0400


Started GET "/assets/intro.js?body=1" for 127.0.0.1 at 2013-08-05 20:40:00 -0400


Started GET "/assets/jquery.js?body=1" for 127.0.0.1 at 2013-08-05 20:40:00 -0400


Started GET "/assets/posts.js?body=1" for 127.0.0.1 at 2013-08-05 20:40:00 -0400


Started GET "/assets/welcome.js?body=1" for 127.0.0.1 at 2013-08-05 20:40:00 -0400
